[WARNING] Missing character: There is no ω (U+03C9) (U+03C9) in font [lmroman10-regular]:mapping=t
[WARNING] Missing character: There is no ω (U+03C9) (U+03C9) in font [lmroman10-regular]:mapping=t
[WARNING] Missing character: There is no ω (U+03C9) (U+03C9) in font [lmroman10-regular]:mapping=t
[WARNING] Missing character: There is no π (U+03C0) (U+03C0) in font [lmroman10-regular]:mapping=t
[WARNING] Missing character: There is no   (U+200A) (U+200A) in font [lmroman10-regular]:mapping=t
[WARNING] Missing character: There is no   (U+200A) (U+200A) in font [lmroman10-regular]:mapping=t
[WARNING] Missing character: There is no 漆 (U+6F06) (U+6F06) in font [lmroman10-regular]:mapping=t
[WARNING] Missing character: There is no 黑 (U+9ED1) (U+9ED1) in font [lmroman10-regular]:mapping=t
[WARNING] Missing character: There is no 的 (U+7684) (U+7684) in font [lmroman10-regular]:mapping=t
[WARNING] Missing character: There is no 纯 (U+7EAF) (U+7EAF) in font [lmroman10-regular]:mapping=t
[WARNING] Missing character: There is no 净 (U+51C0) (U+51C0) in font [lmroman10-regular]:mapping=t
[WARNING] Missing character: There is no 无 (U+65E0) (U+65E0) in font [lmroman10-regular]:mapping=t
[WARNING] Missing character: There is no 视 (U+89C6) (U+89C6) in font [lmroman10-regular]:mapping=t
[WARNING] Missing character: There is no 无 (U+65E0) (U+65E0) in font [lmroman10-regular]:mapping=t
[WARNING] Missing character: There is no 声 (U+58F0) (U+58F0) in font [lmroman10-regular]:mapping=t
[WARNING] Missing character: There is no 闭 (U+95ED) (U+95ED) in font [lmroman10-regular]:mapping=t
[WARNING] Missing character: There is no 眼 (U+773C) (U+773C) in font [lmroman10-regular]:mapping=t
[WARNING] Missing character: There is no 发 (U+53D1) (U+53D1) in font [lmroman10-regular]:mapping=t
[WARNING] Missing character: There is no 挥 (U+6325) (U+6325) in font [lmroman10-regular]:mapping=t
[WARNING] Missing character: There is no 内 (U+5185) (U+5185) in font [lmroman10-regular]:mapping=t
[WARNING] Missing character: There is no 视 (U+89C6) (U+89C6) in font [lmroman10-regular]:mapping=t
[WARNING] Missing character: There is no 重 (U+91CD) (U+91CD) in font [lmroman10-regular]:mapping=t
[WARNING] Missing character: There is no 山 (U+5C71) (U+5C71) in font [lmroman10-regular]:mapping=t
[WARNING] Missing character: There is no 重 (U+91CD) (U+91CD) in font [lmroman10-regular]:mapping=t
[WARNING] Missing character: There is no 山 (U+5C71) (U+5C71) in font [lmroman10-regular]:mapping=t
[WARNING] Missing character: There is no 轻 (U+8F7B) (U+8F7B) in font [lmroman10-regular]:mapping=t
[WARNING] Missing character: There is no 蝶 (U+8776) (U+8776) in font [lmroman10-regular]:mapping=t
[WARNING] Missing character: There is no 起 (U+8D77) (U+8D77) in font [lmroman10-regular]:mapping=t
[WARNING] Missing character: There is no 飞 (U+98DE) (U+98DE) in font [lmroman10-regular]:mapping=t
[WARNING] Missing character: There is no 带 (U+5E26) (U+5E26) in font [lmroman10-regular]:mapping=t
[WARNING] Missing character: There is no 意 (U+610F) (U+610F) in font [lmroman10-regular]:mapping=t
[WARNING] Missing character: There is no 跨 (U+8DE8) (U+8DE8) in font [lmroman10-regular]:mapping=t
[WARNING] Missing character: There is no 地 (U+5730) (U+5730) in font [lmroman10-regular]:mapping=t
[WARNING] Missing character: There is no 飞 (U+98DE) (U+98DE) in font [lmroman10-regular]:mapping=t
[WARNING] Missing character: There is no 翔 (U+7FD4) (U+7FD4) in font [lmroman10-regular]:mapping=t
[WARNING] Missing character: There is no 碧 (U+78A7) (U+78A7) in font [lmroman10-regular]:mapping=t
[WARNING] Missing character: There is no 天 (U+5929) (U+5929) in font [lmroman10-regular]:mapping=t
[WARNING] Missing character: There is no θ (U+03B8) (U+03B8) in font [lmroman10-regular]:mapping=t
[WARNING] Missing character: There is no λ (U+03BB) (U+03BB) in font [lmroman10-regular]:mapping=t
[WARNING] Missing character: There is no θ (U+03B8) (U+03B8) in font [lmroman10-regular]:mapping=t
[WARNING] Missing character: There is no λ (U+03BB) (U+03BB) in font [lmroman10-regular]:mapping=t
[WARNING] Missing character: There is no ⟩ (U+27E9) (U+27E9) in font [lmroman10-regular]:mapping=t
[WARNING] Missing character: There is no ⟩ (U+27E9) (U+27E9) in font [lmroman10-regular]:mapping=t
pandoc: apoapsis.pdf: withBinaryFile: permission denied (Permission denied)
